0||name : Alimentum | area : city centre | family friendly : no||There is a place in the city centre , Alimentum , that is not family - friendly .
0||name : Alimentum | area : city centre | family friendly : no||In the city centre there is a venue name Alimentum , this is not a family - friendly venue .
0||name : Alimentum | area : city centre | family friendly : no||Alimentum is not a family - friendly place , located in city centre .
0||name : Alimentum | area : city centre | family friendly : no||Alimentum is not a family - friendly arena and is located in the city centre .
0||name : Alimentum | area : city centre | family friendly : no||Alimentum is not a family - friendly place in the city centre .
0||name : Alimentum | area : city centre | family friendly : no||Alimentum in city centre is not a family - friendly place .
1||name : Alimentum | area : city centre | family friendly : no | near : Burger King||Alimentum is not family - friendly , and is near the Burger King in the city centre .
1||name : Alimentum | area : city centre | family friendly : no | near : Burger King||Near Burger King in city centre is the adult establishment Alimentum .
1||name : Alimentum | area : city centre | family friendly : no | near : Burger King||Alimentum is not family - friendly . Alimentum is in the city center and it is near Burger King .
1||name : Alimentum | area : city centre | family friendly : no | near : Burger King||Alimentum is near Burger King in the city center . Alimentum is not family - friendly .
1||name : Alimentum | area : city centre | family friendly : no | near : Burger King||Near the Burger King and in the city centre is Alimentum , which is not family - friendly .
1||name : Alimentum | area : city centre | family friendly : no | near : Burger King||Alimentum is an adult establish found in the city centre area near Burger King .
2||name : Alimentum | area : city centre | family friendly : yes||Alimentum is a family - friendly place in the city centre .
2||name : Alimentum | area : city centre | family friendly : yes||In the city centre there is a family - friendly place called Alimentum .
2||name : Alimentum | area : city centre | family friendly : yes||The city centre has a family - friendly restaurant named Alimentum .
2||name : Alimentum | area : city centre | family friendly : yes||Alimentum city centre is family - friendly
2||name : Alimentum | area : city centre | family friendly : yes||Alimentum is a family - friendly city centre .
2||name : Alimentum | area : city centre | family friendly : yes||There is a family - friendly restaurant named Alimentum in the city centre .
3||name : Alimentum | area : city centre | family friendly : yes | near : Burger King||Alimentum is family oriented and located near Burger King in the city centre .
3||name : Alimentum | area : city centre | family friendly : yes | near : Burger King||The Alimentum is a family - friendly restaurant located in the city centre near Burger King .
3||name : Alimentum | area : city centre | family friendly : yes | near : Burger King||Located in the city centre near Burger King , the Alimentum is a family - friendly restaurant .
3||name : Alimentum | area : city centre | family friendly : yes | near : Burger King||Alimentum , located near Burger King in the city centre , is family - friendly .
3||name : Alimentum | area : city centre | family friendly : yes | near : Burger King||Located Burger King in the city centre , Alimentum is family - friendly .
3||name : Alimentum | area : city centre | family friendly : yes | near : Burger King||Alimentum is family - friendly and located in the city centre near Burger King .
4||name : Alimentum | area : riverside | family friendly : no||Alimentum looks like a location where people or families aren 't allowed
4||name : Alimentum | area : riverside | family friendly : no||Alimentum isn 't family - friendly but it is in riverside .
4||name : Alimentum | area : riverside | family friendly : no||If you are searching for a place to go that 's not family - friendly and near the riverside , Alimentum is the place for you .
4||name : Alimentum | area : riverside | family friendly : no||Alimentum is a family - friendly living in riverside .
4||name : Alimentum | area : riverside | family friendly : no||Alimentum is a family - friendly living in riverside .
4||name : Alimentum | area : riverside | family friendly : no||Alimentum , located on the river . No good for families .
4||name : Alimentum | area : riverside | family friendly : no||Riverside has Alimentum , which is not family - friendly .
4||name : Alimentum | area : riverside | family friendly : no||Alimentum is a not family - friendly place near the riverside .
4||name : Alimentum | area : riverside | family friendly : no||No good for families . Alimentum , close to the river .
5||name : Alimentum | area : riverside | family friendly : no | near : Burger King||Burger King is near the Alimentum which is not family friendly and located north of the City center .
5||name : Alimentum | area : riverside | family friendly : no | near : Burger King||Alimentum is a restaurant located in riverside near Burger King , Alimentum is not a family - friendly restaurant .
5||name : Alimentum | area : riverside | family friendly : no | near : Burger King||Located off the river near Burger King , Alimentum does not allow families .
5||name : Alimentum | area : riverside | family friendly : no | near : Burger King||Alimentum is a non - family - friendly establishment near Burger King at the riverside .
5||name : Alimentum | area : riverside | family friendly : no | near : Burger King||Alimentum is a great venue located in riverside near Burger King , is not a family - friendly restaurant .
5||name : Alimentum | area : riverside | family friendly : no | near : Burger King||Alimentum at the riverside near Burger King is a non - family - friendly establishment .
5||name : Alimentum | area : riverside | family friendly : no | near : Burger King||Not family friendly Alimentum across from Burger King
5||name : Alimentum | area : riverside | family friendly : no | near : Burger King||Alimentum , located near Burger King , is not family - friendly .
5||name : Alimentum | area : riverside | family friendly : no | near : Burger King||Alimentum is located near Burger King in riverside . It is not family - friendly .
5||name : Alimentum | area : riverside | family friendly : no | near : Burger King||Alimentum is not family - friendly . It is located near Burger King in riverside .
5||name : Alimentum | area : riverside | family friendly : no | near : Burger King||Alimentum across from Burger King no kids
6||name : Alimentum | area : riverside | family friendly : yes||A kid friendly venue named Alimentum is located on the riverside .
6||name : Alimentum | area : riverside | family friendly : yes||Alimentum , situated by the river , is child friendly .
6||name : Alimentum | area : riverside | family friendly : yes||Alimentum is child friendly and is located by the river .
6||name : Alimentum | area : riverside | family friendly : yes||Alimentum is a family friendly place in the riverside area .
6||name : Alimentum | area : riverside | family friendly : yes||In the riverside area there is a restaurant that is kid friendly named Alimentum
6||name : Alimentum | area : riverside | family friendly : yes||For a children friendly establishment in the riverside area , try Alimentum .
6||name : Alimentum | area : riverside | family friendly : yes||The riverside restaurant , Alimentum is very child friendly and great for adults as well .
6||name : Alimentum | area : riverside | family friendly : yes||Alimentum is a child - friendly venue located on the riverside .
6||name : Alimentum | area : riverside | family friendly : yes||There is a family - friendly venue in the riverside area called Alimentum .
6||name : Alimentum | area : riverside | family friendly : yes||At the riverside there is a friendly family place called Alimentum
6||name : Alimentum | area : riverside | family friendly : yes||Located in riverside area , Alimentum restaurant is a place to bring the whole family .
6||name : Alimentum | area : riverside | family friendly : yes||There is a riverside restaurant called Alimentum which is child friendly .
6||name : Alimentum | area : riverside | family friendly : yes||Alimentum can be found in riverside and is family friendly .
6||name : Alimentum | area : riverside | family friendly : yes||Being beside the river , Alimentum is a family friendly place .
6||name : Alimentum | area : riverside | family friendly : yes||A family friendly place near the riverside is called Alimentum .
6||name : Alimentum | area : riverside | family friendly : yes||Visit Alimentum by the riverside , it is kids friendly .
6||name : Alimentum | area : riverside | family friendly : yes||For a riverside , child friendly environment visit the Alimentum .
6||name : Alimentum | area : riverside | family friendly : yes||Alimentum is located near the riverside . It is child friendly .
6||name : Alimentum | area : riverside | family friendly : yes||Alimentum in the riverside area is child friendly .
6||name : Alimentum | area : riverside | family friendly : yes||Alimentum , on the riverside , is family - friendly .
6||name : Alimentum | area : riverside | family friendly : yes||Alimentum is a child friendly place on the riverside .
6||name : Alimentum | area : riverside | family friendly : yes||There is child friendly restaurant in the riverside area named Alimentum .
6||name : Alimentum | area : riverside | family friendly : yes||Alimentum is a child - friendly place on the riverside .
6||name : Alimentum | area : riverside | family friendly : yes||The Alimentum is in the riverside area . It is a family friendly place .
6||name : Alimentum | area : riverside | family friendly : yes||The Alimentum is kid friendly and is located in the riverside area .
6||name : Alimentum | area : riverside | family friendly : yes||On the riverside , there is a kids friendly venue called Alimentum .
6||name : Alimentum | area : riverside | family friendly : yes||Alimentum is kid - friendly and is located at the riverside .
6||name : Alimentum | area : riverside | family friendly : yes||On the riverside there is a child friendly place called Alimentum .
6||name : Alimentum | area : riverside | family friendly : yes||By the riverside you can find Alimentum , which is a family friendly place .
6||name : Alimentum | area : riverside | family friendly : yes||In Riverside you will find the kid - friendly restaurant Alimentum .
6||name : Alimentum | area : riverside | family friendly : yes||If you want to take the children for a meal then try Alimentum they provide a child friendly service in their riverside setting .
6||name : Alimentum | area : riverside | family friendly : yes||The Alimentum is in the riverside area . It is family friendly .
6||name : Alimentum | area : riverside | family friendly : yes||If you are looking for a kids Friendly establishment in the riverside area , try Alimentum .
6||name : Alimentum | area : riverside | family friendly : yes||Located in the riverside area the Alimentum is kid friendly .
6||name : Alimentum | area : riverside | family friendly : yes||Located in the riverside area , Alimentum is child friendly .
6||name : Alimentum | area : riverside | family friendly : yes||A kid friendly place in riverside is Alimentum .
6||name : Alimentum | area : riverside | family friendly : yes||Alimentum , located in the riverside area is kid friendly .
7||name : Alimentum | area : riverside | family friendly : yes | near : Burger King||You will find Alimentum a nice child friendly place . It is located near Burger King and riverside .
7||name : Alimentum | area : riverside | family friendly : yes | near : Burger King||Alimentum is near Burger King and is not only riverside , but children friendly as well .
7||name : Alimentum | area : riverside | family friendly : yes | near : Burger King||Alimentum is a family friendly establishment in the riverside area near the Burger King .
7||name : Alimentum | area : riverside | family friendly : yes | near : Burger King||Close - by to Burger King is Alimentum , a child - friendly restaurant by the riverside .
7||name : Alimentum | area : riverside | family friendly : yes | near : Burger King||There is a family friendly place Alimentum located near Burger King in riverside .
7||name : Alimentum | area : riverside | family friendly : yes | near : Burger King||Alimentum is a children - friendly spot near Burger King in Riverside .
7||name : Alimentum | area : riverside | family friendly : yes | near : Burger King||Located near to Burger King on the riverside , Alimentum is a child friendly establishment .
7||name : Alimentum | area : riverside | family friendly : yes | near : Burger King||There is a kid - friendly restaurant in riverside near the Burger King named Alimentum .
7||name : Alimentum | area : riverside | family friendly : yes | near : Burger King||There is a kid friendly place in riverside near Burger King named Alimentum .
7||name : Alimentum | area : riverside | family friendly : yes | near : Burger King||Alimentum is a family - friendly location in the Riverside area , near the Burger King .
7||name : Alimentum | area : riverside | family friendly : yes | near : Burger King||There is a child friendly place called Alimentum by the riverside , near Burger King .
7||name : Alimentum | area : riverside | family friendly : yes | near : Burger King||Family friendly venue near the Burger King on the riverside is called Alimentum .
7||name : Alimentum | area : riverside | family friendly : yes | near : Burger King||Near the riverside is a kids friendly eatery called Alimentum . There is a Burger King close to it as well .
7||name : Alimentum | area : riverside | family friendly : yes | near : Burger King||In terms of kids friendly places , there 's Alimentum in Riverside , near Burger King .
7||name : Alimentum | area : riverside | family friendly : yes | near : Burger King||For a family - friendly atmosphere in Riverside , check out Alimentum near the Burger King .
7||name : Alimentum | area : riverside | family friendly : yes | near : Burger King||Near Burger King on the riverside , there 's a family friendly place named Alimentum .
7||name : Alimentum | area : riverside | family friendly : yes | near : Burger King||Near Burger King , there is a kid friendly place called Alimentum near the riverside .
7||name : Alimentum | area : riverside | family friendly : yes | near : Burger King||This kids - friendly restaurant called Alimentum is located in riverside near Burger King .
7||name : Alimentum | area : riverside | family friendly : yes | near : Burger King||By the riverside near Burger King , there 's a kid friendly Alimentum .
7||name : Alimentum | area : riverside | family friendly : yes | near : Burger King||Alimentum is a child friendly establishment located near Burger King on the riverside .
7||name : Alimentum | area : riverside | family friendly : yes | near : Burger King||Alimentum , located near to Burger King on the riverside , is a child friendly establishment .
7||name : Alimentum | area : riverside | family friendly : yes | near : Burger King||In Riverside , near Burger King , there is a family friendly venue called Alimentum .
7||name : Alimentum | area : riverside | family friendly : yes | near : Burger King||The child - friendly Alimentum is near to Burger King by the riverside .
7||name : Alimentum | area : riverside | family friendly : yes | near : Burger King||Near Burger King is the child friendly Alimentum . It is by the river .
7||name : Alimentum | area : riverside | family friendly : yes | near : Burger King||The child - friendly riverside venue Alimentum is located near Burger King .
7||name : Alimentum | area : riverside | family friendly : yes | near : Burger King||Near Burger King , in the riverside area , is a place called Alimentum , and it is kid friendly .
7||name : Alimentum | area : riverside | family friendly : yes | near : Burger King||Alimentum is a kids friendly place in the riverside area near Burger King .
7||name : Alimentum | area : riverside | family friendly : yes | near : Burger King||Located riverside near Burger King , Alimentum is children friendly .
7||name : Alimentum | area : riverside | family friendly : yes | near : Burger King||There is a family friendly venue named Alimentum which is located at the riverside near Burger King
7||name : Alimentum | area : riverside | family friendly : yes | near : Burger King||Near Burger King is Alimentum , which is child friendly and runs along the riverside .
7||name : Alimentum | area : riverside | family friendly : yes | near : Burger King||Alimentum is a family friendly place in riverside near Burger King .
7||name : Alimentum | area : riverside | family friendly : yes | near : Burger King||There 's a kid - friendly restaurant named Alimentum , located near the Burger King at the riverside .
7||name : Alimentum | area : riverside | family friendly : yes | near : Burger King||Alimentum in riverside is child friendly and is located near Burger King .
7||name : Alimentum | area : riverside | family friendly : yes | near : Burger King||Located near Burger King in the riverside area , Alimentum is known for its kid - friendly environment .
7||name : Alimentum | area : riverside | family friendly : yes | near : Burger King||In riverside , near Burger King , is a children family place called Alimentum .
7||name : Alimentum | area : riverside | family friendly : yes | near : Burger King||Near the Burger King is a children friendly place called Alimentum .
7||name : Alimentum | area : riverside | family friendly : yes | near : Burger King||On the riverside near the Burger King there is a kids friendly place called Alimentum .
7||name : Alimentum | area : riverside | family friendly : yes | near : Burger King||Alimentum is a family friendly restaurant close to the river near Burger King .
7||name : Alimentum | area : riverside | family friendly : yes | near : Burger King||There are child friendly establishments such as Burger King and Alimentum near the riverside .
8||name : Aromi | Type : coffee shop | food : Chinese | customer rating : 1 out of 5 | area : riverside | family friendly : yes||There is an Chinese coffee shop named Aromi near the riverside that has 1 out of 5 in the customer ranking and friendly with kid
8||name : Aromi | Type : coffee shop | food : Chinese | customer rating : 1 out of 5 | area : riverside | family friendly : yes||Aromi is a coffee shop providing Chinese food It is located in the riverside . Its customer rating is 1 out of 5 .
8||name : Aromi | Type : coffee shop | food : Chinese | customer rating : 1 out of 5 | area : riverside | family friendly : yes||Aromi is a coffee shop providing Chinese food It is located in the riverside . Its customer rating is 1 out of 5 .
8||name : Aromi | Type : coffee shop | food : Chinese | customer rating : 1 out of 5 | area : riverside | family friendly : yes||Aromi is a coffee shop providing Chinese food It is located in the riverside . Its customer rating is 1 out of 5 .
8||name : Aromi | Type : coffee shop | food : Chinese | customer rating : 1 out of 5 | area : riverside | family friendly : yes||Aromi , an interesting mix of coffee shop and Chinese cuisine . A child friendly restaurant and located in a riverside area , it has been rated number 1 by existing customers .
8||name : Aromi | Type : coffee shop | food : Chinese | customer rating : 1 out of 5 | area : riverside | family friendly : yes||Aromi coffee shop serves Chinese food in the riverside area and is kids friendly but has a customer rating of 1 out of 5
8||name : Aromi | Type : coffee shop | food : Chinese | customer rating : 1 out of 5 | area : riverside | family friendly : yes||Aromi is a coffee shop that offer Chinese cuisine . Rated number 1 by existing customers , it is located in a riverside area and welcomes children .
8||name : Aromi | Type : coffee shop | food : Chinese | customer rating : 1 out of 5 | area : riverside | family friendly : yes||Aromi is an Chinese coffee shop has 1 out of 5 in the customer rating near the riverside and friendly with kid
8||name : Aromi | Type : coffee shop | food : Chinese | customer rating : 1 out of 5 | area : riverside | family friendly : yes||Aromi is a coffee shop in the riverside area . It sells Chinese food and has a customer rating of 1 out of 5 . It is very children friendly .
8||name : Aromi | Type : coffee shop | food : Chinese | customer rating : 1 out of 5 | area : riverside | family friendly : yes||There is a coffee shop in the riverside area called Aromi . It sells Chinese food and is children friendly . Overall , it has a customer rating of 1 out of 5 .
9||name : Aromi | Type : coffee shop | food : Chinese | customer rating : 3 out of 5 | area : riverside | family friendly : yes||Aromi 's a fairly decent coffee shop down at riverside . It has Chinese food and allows kids on the premises .
9||name : Aromi | Type : coffee shop | food : Chinese | customer rating : 3 out of 5 | area : riverside | family friendly : yes||If you 're looking for a decent , family friendly coffee shop in riverside , then go to Aromi . It serves Chinese food there too .
9||name : Aromi | Type : coffee shop | food : Chinese | customer rating : 3 out of 5 | area : riverside | family friendly : yes||The Aromi coffee shop serves Chinese food , is kid friendly and has a customer rating of 3 out of 5 . It is located riverside .
9||name : Aromi | Type : coffee shop | food : Chinese | customer rating : 3 out of 5 | area : riverside | family friendly : yes||Aromi is a coffee shop that serves Chinese food in the Riverside area with a good customer rating of 3 out of 5 , it is not child friendly .
9||name : Aromi | Type : coffee shop | food : Chinese | customer rating : 3 out of 5 | area : riverside | family friendly : yes||Aromi is a kid friendly coffee shop with a 3 out of 5 rating serving Chinese food located in the Riverside area .
9||name : Aromi | Type : coffee shop | food : Chinese | customer rating : 3 out of 5 | area : riverside | family friendly : yes||There is a coffee shop that serves Chinese food called Aromi , in the Riverside area , it is not child friendly and has a customer rating of 3 out of 5 .
9||name : Aromi | Type : coffee shop | food : Chinese | customer rating : 3 out of 5 | area : riverside | family friendly : yes||The kid friendly coffee shop , Aromi , serves Chinese food and is located riverside . It has a customer rating of 3 out of 5 .
